<?xml version="1.0" encoding="UTF-8"?>
<testsuite xmlns:xsi="http://www.w3.org/2001/XMLSchema-instance" xsi:noNamespaceSchemaLocation="https://maven.apache.org/surefire/maven-surefire-plugin/xsd/surefire-test-report.xsd" name="CalculatorTest" time="0.088" tests="50" errors="0" skipped="8" failures="0">
  <properties>
    <property name="java.specification.version" value="17"/>
    <property name="sun.cpu.isalist" value="amd64"/>
    <property name="sun.jnu.encoding" value="Cp1252"/>
    <property name="java.class.path" value="C:\java_projects\java-calculator-tester\target\test-classes;C:\java_projects\java-calculator-tester\target\classes;C:\Users\Yarsin\.m2\repository\org\junit\jupiter\junit-jupiter-engine\5.10.0-M1\junit-jupiter-engine-5.10.0-M1.jar;C:\Users\Yarsin\.m2\repository\org\junit\platform\junit-platform-engine\1.10.0-M1\junit-platform-engine-1.10.0-M1.jar;C:\Users\Yarsin\.m2\repository\org\opentest4j\opentest4j\1.2.0\opentest4j-1.2.0.jar;C:\Users\Yarsin\.m2\repository\org\junit\platform\junit-platform-commons\1.10.0-M1\junit-platform-commons-1.10.0-M1.jar;C:\Users\Yarsin\.m2\repository\org\junit\jupiter\junit-jupiter-api\5.10.0-M1\junit-jupiter-api-5.10.0-M1.jar;C:\Users\Yarsin\.m2\repository\org\apiguardian\apiguardian-api\1.1.2\apiguardian-api-1.1.2.jar;"/>
    <property name="java.vm.vendor" value="Eclipse Adoptium"/>
    <property name="sun.arch.data.model" value="64"/>
    <property name="user.variant" value=""/>
    <property name="java.vendor.url" value="https://adoptium.net/"/>
    <property name="user.timezone" value="Europe/Rome"/>
    <property name="os.name" value="Windows 10"/>
    <property name="java.vm.specification.version" value="17"/>
    <property name="sun.java.launcher" value="SUN_STANDARD"/>
    <property name="user.country" value="IT"/>
    <property name="sun.boot.library.path" value="C:\Users\Yarsin\Desktop\eclipse\plugins\org.eclipse.justj.openjdk.hotspot.jre.full.win32.x86_64_17.0.6.v20230204-1729\jre\bin"/>
    <property name="sun.java.command" value="C:\Users\Yarsin\AppData\Local\Temp\surefire287364334178087158\surefirebooter6873351447213624241.jar C:\Users\Yarsin\AppData\Local\Temp\surefire287364334178087158 2023-05-23T14-57-39_594-jvmRun1 surefire8953426014972925805tmp surefire_01203300543598741420tmp"/>
    <property name="jdk.debug" value="release"/>
    <property name="surefire.test.class.path" value="C:\java_projects\java-calculator-tester\target\test-classes;C:\java_projects\java-calculator-tester\target\classes;C:\Users\Yarsin\.m2\repository\org\junit\jupiter\junit-jupiter-engine\5.10.0-M1\junit-jupiter-engine-5.10.0-M1.jar;C:\Users\Yarsin\.m2\repository\org\junit\platform\junit-platform-engine\1.10.0-M1\junit-platform-engine-1.10.0-M1.jar;C:\Users\Yarsin\.m2\repository\org\opentest4j\opentest4j\1.2.0\opentest4j-1.2.0.jar;C:\Users\Yarsin\.m2\repository\org\junit\platform\junit-platform-commons\1.10.0-M1\junit-platform-commons-1.10.0-M1.jar;C:\Users\Yarsin\.m2\repository\org\junit\jupiter\junit-jupiter-api\5.10.0-M1\junit-jupiter-api-5.10.0-M1.jar;C:\Users\Yarsin\.m2\repository\org\apiguardian\apiguardian-api\1.1.2\apiguardian-api-1.1.2.jar;"/>
    <property name="sun.cpu.endian" value="little"/>
    <property name="user.home" value="C:\Users\Yarsin"/>
    <property name="user.language" value="it"/>
    <property name="java.specification.vendor" value="Oracle Corporation"/>
    <property name="java.version.date" value="2023-01-17"/>
    <property name="java.home" value="C:\Users\Yarsin\Desktop\eclipse\plugins\org.eclipse.justj.openjdk.hotspot.jre.full.win32.x86_64_17.0.6.v20230204-1729\jre"/>
    <property name="file.separator" value="\"/>
    <property name="style.color" value="always"/>
    <property name="basedir" value="C:\java_projects\java-calculator-tester"/>
    <property name="java.vm.compressedOopsMode" value="Zero based"/>
    <property name="line.separator" value="&#10;"/>
    <property name="java.vm.specification.vendor" value="Oracle Corporation"/>
    <property name="java.specification.name" value="Java Platform API Specification"/>
    <property name="surefire.real.class.path" value="C:\Users\Yarsin\AppData\Local\Temp\surefire287364334178087158\surefirebooter6873351447213624241.jar"/>
    <property name="user.script" value=""/>
    <property name="sun.management.compiler" value="HotSpot 64-Bit Tiered Compilers"/>
    <property name="java.runtime.version" value="17.0.6+10"/>
    <property name="user.name" value="Yarsin"/>
    <property name="path.separator" value=";"/>
    <property name="os.version" value="10.0"/>
    <property name="java.runtime.name" value="OpenJDK Runtime Environment"/>
    <property name="file.encoding" value="Cp1252"/>
    <property name="java.vm.name" value="OpenJDK 64-Bit Server VM"/>
    <property name="java.vendor.version" value="Temurin-17.0.6+10"/>
    <property name="localRepository" value="C:\Users\Yarsin\.m2\repository"/>
    <property name="java.vendor.url.bug" value="https://github.com/adoptium/adoptium-support/issues"/>
    <property name="java.io.tmpdir" value="C:\Users\Yarsin\AppData\Local\Temp\"/>
    <property name="java.version" value="17.0.6"/>
    <property name="user.dir" value="C:\java_projects\java-calculator-tester"/>
    <property name="os.arch" value="amd64"/>
    <property name="java.vm.specification.name" value="Java Virtual Machine Specification"/>
    <property name="sun.os.patch.level" value=""/>
    <property name="native.encoding" value="Cp1252"/>
    <property name="java.library.path" value="C:\Users\Yarsin\Desktop\eclipse\plugins\org.eclipse.justj.openjdk.hotspot.jre.full.win32.x86_64_17.0.6.v20230204-1729\jre\bin;C:\Windows\Sun\Java\bin;C:\Windows\system32;C:\Windows;C:/Users/Yarsin/Desktop/eclipse//plugins/org.eclipse.justj.openjdk.hotspot.jre.full.win32.x86_64_17.0.6.v20230204-1729/jre/bin/server;C:/Users/Yarsin/Desktop/eclipse//plugins/org.eclipse.justj.openjdk.hotspot.jre.full.win32.x86_64_17.0.6.v20230204-1729/jre/bin;C:\Python311\Scripts\;C:\Python311\;C:\Program Files\Common Files\Oracle\Java\javapath;C:\Program Files (x86)\Common Files\Intel\Shared Libraries\redist\intel64\compiler;C:\Program Files\Oculus\Support\oculus-runtime;C:\Program Files (x86)\Common Files\Oracle\Java\javapath;C:\Program Files (x86)\Razer Chroma SDK\bin;C:\Program Files\Razer Chroma SDK\bin;C:\Windows\system32;C:\Windows;C:\Windows\System32\Wbem;C:\Windows\System32\WindowsPowerShell\v1.0\;C:\Windows\System32\OpenSSH\;C:\Users\Yarsin\AppData\Local\Microsoft\WindowsApps;C:\Program Files\NVIDIA Corporation\NVIDIA NvDLISR;C:\Program Files (x86)\NVIDIA Corporation\PhysX\Common;C:\Program Files\dotnet\;C:\Program Files\Git\cmd;C:\Program Files\nodejs\;C:\ProgramData\chocolatey\bin;C:\Program Files (x86)\dotnet\;C:\MAMP\bin\php\php8.1.0;C:\ProgramData\ComposerSetup\bin;C:\Users\Yarsin\AppData\Local\Microsoft\WindowsApps;;C:\Users\Yarsin\AppData\Local\Programs\Microsoft VS Code\bin;C:\Users\Yarsin\AppData\Roaming\npm;C:\Users\Yarsin\AppData\Roaming\Composer\vendor\bin;C:\Users\Yarsin\Desktop\eclipse;;."/>
    <property name="java.vm.info" value="mixed mode"/>
    <property name="java.vendor" value="Eclipse Adoptium"/>
    <property name="java.vm.version" value="17.0.6+10"/>
    <property name="sun.io.unicode.encoding" value="UnicodeLittle"/>
    <property name="java.class.version" value="61.0"/>
  </properties>
  <testcase name="divideTest[1]" classname="CalculatorTest" time="0.013"/>
  <testcase name="divideTest[2]" classname="CalculatorTest" time="0"/>
  <testcase name="divideTest[3]" classname="CalculatorTest" time="0"/>
  <testcase name="divideTest[4]" classname="CalculatorTest" time="0.001"/>
  <testcase name="divideTest[5]" classname="CalculatorTest" time="0"/>
  <testcase name="divideTest[6]" classname="CalculatorTest" time="0"/>
  <testcase name="divideTest[7]" classname="CalculatorTest" time="0"/>
  <testcase name="divideTest[8]" classname="CalculatorTest" time="0.001"/>
  <testcase name="divideTest[9]" classname="CalculatorTest" time="0"/>
  <testcase name="divideTest[10]" classname="CalculatorTest" time="0.001"/>
  <testcase name="sumTest[1]" classname="CalculatorTest" time="0"/>
  <testcase name="sumTest[2]" classname="CalculatorTest" time="0"/>
  <testcase name="sumTest[3]" classname="CalculatorTest" time="0"/>
  <testcase name="sumTest[4]" classname="CalculatorTest" time="0"/>
  <testcase name="sumTest[5]" classname="CalculatorTest" time="0.001"/>
  <testcase name="sumTest[6]" classname="CalculatorTest" time="0"/>
  <testcase name="sumTest[7]" classname="CalculatorTest" time="0"/>
  <testcase name="sumTest[8]" classname="CalculatorTest" time="0"/>
  <testcase name="sumTest[9]" classname="CalculatorTest" time="0.001"/>
  <testcase name="sumTest[10]" classname="CalculatorTest" time="0"/>
  <testcase name="multiplyTest[1]" classname="CalculatorTest" time="0"/>
  <testcase name="multiplyTest[2]" classname="CalculatorTest" time="0"/>
  <testcase name="multiplyTest[3]" classname="CalculatorTest" time="0"/>
  <testcase name="multiplyTest[4]" classname="CalculatorTest" time="0"/>
  <testcase name="multiplyTest[5]" classname="CalculatorTest" time="0"/>
  <testcase name="multiplyTest[6]" classname="CalculatorTest" time="0"/>
  <testcase name="multiplyTest[7]" classname="CalculatorTest" time="0"/>
  <testcase name="multiplyTest[8]" classname="CalculatorTest" time="0"/>
  <testcase name="multiplyTest[9]" classname="CalculatorTest" time="0"/>
  <testcase name="multiplyTest[10]" classname="CalculatorTest" time="0"/>
  <testcase name="divideExcTest[1]" classname="CalculatorTest" time="0">
    <skipped message="Assumption failed: assumption is not true" type="org.opentest4j.TestAbortedException">org.opentest4j.TestAbortedException: Assumption failed: assumption is not true
	at CalculatorTest.divideExcTest(CalculatorTest.java:63)
</skipped>
  </testcase>
  <testcase name="divideExcTest[2]" classname="CalculatorTest" time="0">
    <skipped message="Assumption failed: assumption is not true" type="org.opentest4j.TestAbortedException">org.opentest4j.TestAbortedException: Assumption failed: assumption is not true
	at CalculatorTest.divideExcTest(CalculatorTest.java:63)
</skipped>
  </testcase>
  <testcase name="divideExcTest[3]" classname="CalculatorTest" time="0">
    <skipped message="Assumption failed: assumption is not true" type="org.opentest4j.TestAbortedException">org.opentest4j.TestAbortedException: Assumption failed: assumption is not true
	at CalculatorTest.divideExcTest(CalculatorTest.java:63)
</skipped>
  </testcase>
  <testcase name="divideExcTest[4]" classname="CalculatorTest" time="0.003"/>
  <testcase name="divideExcTest[5]" classname="CalculatorTest" time="0">
    <skipped message="Assumption failed: assumption is not true" type="org.opentest4j.TestAbortedException">org.opentest4j.TestAbortedException: Assumption failed: assumption is not true
	at CalculatorTest.divideExcTest(CalculatorTest.java:63)
</skipped>
  </testcase>
  <testcase name="divideExcTest[6]" classname="CalculatorTest" time="0">
    <skipped message="Assumption failed: assumption is not true" type="org.opentest4j.TestAbortedException">org.opentest4j.TestAbortedException: Assumption failed: assumption is not true
	at CalculatorTest.divideExcTest(CalculatorTest.java:63)
</skipped>
  </testcase>
  <testcase name="divideExcTest[7]" classname="CalculatorTest" time="0">
    <skipped message="Assumption failed: assumption is not true" type="org.opentest4j.TestAbortedException">org.opentest4j.TestAbortedException: Assumption failed: assumption is not true
	at CalculatorTest.divideExcTest(CalculatorTest.java:63)
</skipped>
  </testcase>
  <testcase name="divideExcTest[8]" classname="CalculatorTest" time="0">
    <skipped message="Assumption failed: assumption is not true" type="org.opentest4j.TestAbortedException">org.opentest4j.TestAbortedException: Assumption failed: assumption is not true
	at CalculatorTest.divideExcTest(CalculatorTest.java:63)
</skipped>
  </testcase>
  <testcase name="divideExcTest[9]" classname="CalculatorTest" time="0">
    <skipped message="Assumption failed: assumption is not true" type="org.opentest4j.TestAbortedException">org.opentest4j.TestAbortedException: Assumption failed: assumption is not true
	at CalculatorTest.divideExcTest(CalculatorTest.java:63)
</skipped>
  </testcase>
  <testcase name="divideExcTest[10]" classname="CalculatorTest" time="0.001"/>
  <testcase name="subtractTest[1]" classname="CalculatorTest" time="0.001"/>
  <testcase name="subtractTest[2]" classname="CalculatorTest" time="0"/>
  <testcase name="subtractTest[3]" classname="CalculatorTest" time="0.003"/>
  <testcase name="subtractTest[4]" classname="CalculatorTest" time="0"/>
  <testcase name="subtractTest[5]" classname="CalculatorTest" time="0"/>
  <testcase name="subtractTest[6]" classname="CalculatorTest" time="0.001"/>
  <testcase name="subtractTest[7]" classname="CalculatorTest" time="0"/>
  <testcase name="subtractTest[8]" classname="CalculatorTest" time="0.001"/>
  <testcase name="subtractTest[9]" classname="CalculatorTest" time="0"/>
  <testcase name="subtractTest[10]" classname="CalculatorTest" time="0.001"/>
</testsuite>