<?xml version="1.0" encoding="UTF-8"?>
<testsuite xmlns:xsi="http://www.w3.org/2001/XMLSchema-instance" xsi:noNamespaceSchemaLocation="https://maven.apache.org/surefire/maven-surefire-plugin/xsd/surefire-test-report.xsd" name="CalculatorTest" time="0.088" tests="50" errors="0" skipped="8" failures="0">
  <properties>
[...]
</properties>
  <testcase name="divideTest[1]" classname="CalculatorTest" time="0.013"/>
  <testcase name="divideTest[2]" classname="CalculatorTest" time="0"/>
  <testcase name="divideTest[3]" classname="CalculatorTest" time="0"/>
  <testcase name="divideTest[4]" classname="CalculatorTest" time="0.001"/>
  <testcase name="divideTest[5]" classname="CalculatorTest" time="0"/>
  <testcase name="divideTest[6]" classname="CalculatorTest" time="0"/>
  <testcase name="divideTest[7]" classname="CalculatorTest" time="0"/>
  <testcase name="divideTest[8]" classname="CalculatorTest" time="0.001"/>
  <testcase name="divideTest[9]" classname="CalculatorTest" time="0"/>
  <testcase name="divideTest[10]" classname="CalculatorTest" time="0.001"/>
  <testcase name="sumTest[1]" classname="CalculatorTest" time="0"/>
  <testcase name="sumTest[2]" classname="CalculatorTest" time="0"/>
  <testcase name="sumTest[3]" classname="CalculatorTest" time="0"/>
  <testcase name="sumTest[4]" classname="CalculatorTest" time="0"/>
  <testcase name="sumTest[5]" classname="CalculatorTest" time="0.001"/>
  <testcase name="sumTest[6]" classname="CalculatorTest" time="0"/>
  <testcase name="sumTest[7]" classname="CalculatorTest" time="0"/>
  <testcase name="sumTest[8]" classname="CalculatorTest" time="0"/>
  <testcase name="sumTest[9]" classname="CalculatorTest" time="0.001"/>
  <testcase name="sumTest[10]" classname="CalculatorTest" time="0"/>
  <testcase name="multiplyTest[1]" classname="CalculatorTest" time="0"/>
  <testcase name="multiplyTest[2]" classname="CalculatorTest" time="0"/>
  <testcase name="multiplyTest[3]" classname="CalculatorTest" time="0"/>
  <testcase name="multiplyTest[4]" classname="CalculatorTest" time="0"/>
  <testcase name="multiplyTest[5]" classname="CalculatorTest" time="0"/>
  <testcase name="multiplyTest[6]" classname="CalculatorTest" time="0"/>
  <testcase name="multiplyTest[7]" classname="CalculatorTest" time="0"/>
  <testcase name="multiplyTest[8]" classname="CalculatorTest" time="0"/>
  <testcase name="multiplyTest[9]" classname="CalculatorTest" time="0"/>
  <testcase name="multiplyTest[10]" classname="CalculatorTest" time="0"/>
  <testcase name="divideExcTest[1]" classname="CalculatorTest" time="0">
    <skipped message="Assumption failed: assumption is not true" type="org.opentest4j.TestAbortedException">org.opentest4j.TestAbortedException: Assumption failed: assumption is not true
	at CalculatorTest.divideExcTest(CalculatorTest.java:63)
</skipped>
  </testcase>
  <testcase name="divideExcTest[2]" classname="CalculatorTest" time="0">
    <skipped message="Assumption failed: assumption is not true" type="org.opentest4j.TestAbortedException">org.opentest4j.TestAbortedException: Assumption failed: assumption is not true
	at CalculatorTest.divideExcTest(CalculatorTest.java:63)
</skipped>
  </testcase>
  <testcase name="divideExcTest[3]" classname="CalculatorTest" time="0">
    <skipped message="Assumption failed: assumption is not true" type="org.opentest4j.TestAbortedException">org.opentest4j.TestAbortedException: Assumption failed: assumption is not true
	at CalculatorTest.divideExcTest(CalculatorTest.java:63)
</skipped>
  </testcase>
  <testcase name="divideExcTest[4]" classname="CalculatorTest" time="0.003"/>
  <testcase name="divideExcTest[5]" classname="CalculatorTest" time="0">
    <skipped message="Assumption failed: assumption is not true" type="org.opentest4j.TestAbortedException">org.opentest4j.TestAbortedException: Assumption failed: assumption is not true
	at CalculatorTest.divideExcTest(CalculatorTest.java:63)
</skipped>
  </testcase>
  <testcase name="divideExcTest[6]" classname="CalculatorTest" time="0">
    <skipped message="Assumption failed: assumption is not true" type="org.opentest4j.TestAbortedException">org.opentest4j.TestAbortedException: Assumption failed: assumption is not true
	at CalculatorTest.divideExcTest(CalculatorTest.java:63)
</skipped>
  </testcase>
  <testcase name="divideExcTest[7]" classname="CalculatorTest" time="0">
    <skipped message="Assumption failed: assumption is not true" type="org.opentest4j.TestAbortedException">org.opentest4j.TestAbortedException: Assumption failed: assumption is not true
	at CalculatorTest.divideExcTest(CalculatorTest.java:63)
</skipped>
  </testcase>
  <testcase name="divideExcTest[8]" classname="CalculatorTest" time="0">
    <skipped message="Assumption failed: assumption is not true" type="org.opentest4j.TestAbortedException">org.opentest4j.TestAbortedException: Assumption failed: assumption is not true
	at CalculatorTest.divideExcTest(CalculatorTest.java:63)
</skipped>
  </testcase>
  <testcase name="divideExcTest[9]" classname="CalculatorTest" time="0">
    <skipped message="Assumption failed: assumption is not true" type="org.opentest4j.TestAbortedException">org.opentest4j.TestAbortedException: Assumption failed: assumption is not true
	at CalculatorTest.divideExcTest(CalculatorTest.java:63)
</skipped>
  </testcase>
  <testcase name="divideExcTest[10]" classname="CalculatorTest" time="0.001"/>
  <testcase name="subtractTest[1]" classname="CalculatorTest" time="0.001"/>
  <testcase name="subtractTest[2]" classname="CalculatorTest" time="0"/>
  <testcase name="subtractTest[3]" classname="CalculatorTest" time="0.003"/>
  <testcase name="subtractTest[4]" classname="CalculatorTest" time="0"/>
  <testcase name="subtractTest[5]" classname="CalculatorTest" time="0"/>
  <testcase name="subtractTest[6]" classname="CalculatorTest" time="0.001"/>
  <testcase name="subtractTest[7]" classname="CalculatorTest" time="0"/>
  <testcase name="subtractTest[8]" classname="CalculatorTest" time="0.001"/>
  <testcase name="subtractTest[9]" classname="CalculatorTest" time="0"/>
  <testcase name="subtractTest[10]" classname="CalculatorTest" time="0.001"/>
</testsuite>